\BOOKMARK [0][-]{Doc-Start}{\376\377\000A\000b\000s\000t\000r\000a\000c\000t}{}% 1
\BOOKMARK [0][-]{Doc-Start}{\376\377\000A\000c\000k\000n\000o\000w\000l\000e\000d\000g\000e\000m\000e\000n\000t\000s}{}% 2
\BOOKMARK [0][-]{Doc-Start}{\376\377\000A\000b\000b\000r\000e\000v\000i\000a\000t\000i\000o\000n\000s}{}% 3
\BOOKMARK [0][-]{Doc-Start}{\376\377\000L\000i\000s\000t\000\040\000o\000f\000\040\000F\000i\000g\000u\000r\000e\000s}{}% 4
\BOOKMARK [0][-]{Doc-Start}{\376\377\000L\000i\000s\000t\000\040\000o\000f\000\040\000T\000a\000b\000l\000e\000s}{}% 5
\BOOKMARK [0][-]{chapter.1}{\376\377\000I\000n\000t\000r\000o\000d\000u\000c\000t\000i\000o\000n}{}% 6
\BOOKMARK [1][-]{section.1.1}{\376\377\000B\000a\000c\000k\000g\000r\000o\000u\000n\000d\000\040\000a\000n\000d\000\040\000M\000o\000t\000i\000v\000a\000t\000i\000o\000n}{chapter.1}% 7
\BOOKMARK [1][-]{section.1.2}{\376\377\000F\000r\000e\000q\000u\000e\000n\000c\000y\000-\000D\000o\000m\000a\000i\000n\000\040\000D\000i\000f\000f\000u\000s\000e\000\040\000O\000p\000t\000i\000c\000a\000l\000\040\000T\000o\000m\000o\000g\000r\000a\000p\000h\000y}{chapter.1}% 8
\BOOKMARK [1][-]{section.1.3}{\376\377\000P\000r\000o\000b\000l\000e\000m\000\040\000F\000o\000r\000m\000u\000l\000a\000t\000i\000o\000n\000\040\000a\000n\000d\000\040\000N\000o\000t\000a\000t\000i\000o\000n}{chapter.1}% 9
\BOOKMARK [1][-]{section.1.4}{\376\377\000C\000h\000a\000l\000l\000e\000n\000g\000e\000s\000\040\000i\000n\000\040\000F\000D\000-\000D\000O\000T\000\040\000R\000e\000c\000o\000n\000s\000t\000r\000u\000c\000t\000i\000o\000n}{chapter.1}% 10
\BOOKMARK [1][-]{section.1.5}{\376\377\000R\000e\000s\000e\000a\000r\000c\000h\000\040\000O\000b\000j\000e\000c\000t\000i\000v\000e\000s\000\040\000a\000n\000d\000\040\000C\000o\000n\000t\000r\000i\000b\000u\000t\000i\000o\000n\000s}{chapter.1}% 11
\BOOKMARK [0][-]{chapter.2}{\376\377\000L\000i\000t\000e\000r\000a\000t\000u\000r\000e\000\040\000R\000e\000v\000i\000e\000w}{}% 12
\BOOKMARK [1][-]{section.2.1}{\376\377\000C\000o\000n\000v\000e\000n\000t\000i\000o\000n\000a\000l\000\040\000F\000o\000u\000n\000d\000a\000t\000i\000o\000n\000s\000\040\000i\000n\000\040\000F\000D\000-\000D\000O\000T}{chapter.2}% 13
\BOOKMARK [2][-]{subsection.2.1.1}{\376\377\000F\000r\000o\000m\000\040\000r\000a\000d\000i\000a\000t\000i\000v\000e\000\040\000t\000r\000a\000n\000s\000p\000o\000r\000t\000\040\000t\000o\000\040\000d\000i\000f\000f\000u\000s\000i\000o\000n}{section.2.1}% 14
\BOOKMARK [2][-]{subsection.2.1.2}{\376\377\000F\000r\000e\000q\000u\000e\000n\000c\000y\000-\000d\000o\000m\000a\000i\000n\000\040\000f\000o\000r\000w\000a\000r\000d\000\040\000m\000o\000d\000e\000l\000l\000i\000n\000g\000\040\000\050\000F\000E\000M\000\040\000i\000n\000\040\000p\000r\000a\000c\000t\000i\000c\000e\000\051}{section.2.1}% 15
\BOOKMARK [2][-]{subsection.2.1.3}{\376\377\000C\000l\000a\000s\000s\000i\000c\000a\000l\000\040\000i\000n\000v\000e\000r\000s\000e\000\040\000f\000o\000r\000m\000u\000l\000a\000t\000i\000o\000n\000s\000\040\000a\000n\000d\000\040\000r\000e\000g\000u\000l\000a\000r\000i\000s\000a\000t\000i\000o\000n}{section.2.1}% 16
\BOOKMARK [1][-]{section.2.2}{\376\377\000L\000e\000a\000r\000n\000i\000n\000g\000-\000B\000a\000s\000e\000d\000\040\000R\000e\000c\000o\000n\000s\000t\000r\000u\000c\000t\000i\000o\000n\000\040\000f\000o\000r\000\040\000F\000D\000-\000D\000O\000T}{chapter.2}% 17
\BOOKMARK [2][-]{subsection.2.2.1}{\376\377\000W\000h\000y\000\040\000l\000e\000a\000r\000n\000i\000n\000g\000\040\000h\000e\000l\000p\000s\000\040\000F\000D\000-\000D\000O\000T}{section.2.2}% 18
\BOOKMARK [2][-]{subsection.2.2.2}{\376\377\000D\000O\000T\000-\000s\000p\000e\000c\000i\000f\000i\000c\000\040\000D\000L\000:\000\040\000w\000h\000a\000t\000\040\000h\000a\000s\000\040\000w\000o\000r\000k\000e\000d\000,\000\040\000a\000n\000d\000\040\000w\000h\000a\000t\000\040\000h\000a\000s\000\040\000n\000o\000t}{section.2.2}% 19
\BOOKMARK [2][-]{subsection.2.2.3}{\376\377\000C\000N\000N\000\040\000e\000n\000c\000o\000d\000e\000r\000s\000/\000d\000e\000c\000o\000d\000e\000r\000s\000\040\000f\000o\000r\000\040\000v\000o\000l\000u\000m\000e\000t\000r\000i\000c\000\040\000D\000O\000T}{section.2.2}% 20
\BOOKMARK [2][-]{subsection.2.2.4}{\376\377\000A\000t\000t\000e\000n\000t\000i\000o\000n\000\040\000a\000n\000d\000\040\000t\000r\000a\000n\000s\000f\000o\000r\000m\000e\000r\000s\000\040\000f\000o\000r\000\040\000m\000e\000a\000s\000u\000r\000e\000m\000e\000n\000t\000\040\000s\000e\000q\000u\000e\000n\000c\000e\000s}{section.2.2}% 21
\BOOKMARK [2][-]{subsection.2.2.5}{\376\377\000H\000y\000b\000r\000i\000d\000\040\000t\000w\000o\000-\000s\000t\000a\000g\000e\000\040\000d\000e\000s\000i\000g\000n\000s\000\040\000f\000o\000r\000\040\000F\000D\000-\000D\000O\000T}{section.2.2}% 22
\BOOKMARK [1][-]{section.2.3}{\376\377\000R\000o\000b\000u\000s\000t\000n\000e\000s\000s\000,\000\040\000B\000a\000s\000e\000l\000i\000n\000e\000s\000,\000\040\000a\000n\000d\000\040\000t\000h\000e\000\040\000R\000e\000s\000e\000a\000r\000c\000h\000\040\000G\000a\000p}{chapter.2}% 23
\BOOKMARK [2][-]{subsection.2.3.1}{\376\377\000D\000e\000p\000l\000o\000y\000m\000e\000n\000t\000\040\000f\000a\000i\000l\000u\000r\000e\000\040\000m\000o\000d\000e\000s}{section.2.3}% 24
\BOOKMARK [2][-]{subsection.2.3.2}{\376\377\000B\000a\000s\000e\000l\000i\000n\000e\000:\000\040\000p\000a\000t\000h\000-\000a\000g\000n\000o\000s\000t\000i\000c\000\040\000D\000L\000-\000D\000O\000T}{section.2.3}% 25
\BOOKMARK [2][-]{subsection.2.3.3}{\376\377\000P\000r\000o\000b\000l\000e\000m\000\040\000s\000t\000a\000t\000e\000m\000e\000n\000t\000\040\000a\000n\000d\000\040\000c\000o\000n\000t\000r\000i\000b\000u\000t\000i\000o\000n\000s}{section.2.3}% 26
\BOOKMARK [2][-]{subsection.2.3.4}{\376\377\000F\000r\000o\000m\000\040\000g\000a\000p\000\040\000t\000o\000\040\000m\000e\000t\000h\000o\000d\000o\000l\000o\000g\000y}{section.2.3}% 27
\BOOKMARK [0][-]{chapter.3}{\376\377\000P\000h\000y\000s\000i\000c\000s\000-\000B\000a\000s\000e\000d\000\040\000S\000y\000n\000t\000h\000e\000t\000i\000c\000\040\000D\000a\000t\000a\000\040\000P\000i\000p\000e\000l\000i\000n\000e}{}% 28
\BOOKMARK [1][-]{section.3.1}{\376\377\000F\000o\000r\000w\000a\000r\000d\000\040\000M\000o\000d\000e\000l\000l\000i\000n\000g\000\040\000i\000n\000\040\000t\000h\000e\000\040\000F\000r\000e\000q\000u\000e\000n\000c\000y\000\040\000D\000o\000m\000a\000i\000n}{chapter.3}% 29
\BOOKMARK [1][-]{section.3.2}{\376\377\000G\000e\000o\000m\000e\000t\000r\000i\000c\000\040\000P\000h\000a\000n\000t\000o\000m\000\040\000C\000o\000n\000s\000t\000r\000u\000c\000t\000i\000o\000n}{chapter.3}% 30
\BOOKMARK [2][-]{subsection.3.2.1}{\376\377\000E\000l\000l\000i\000p\000s\000o\000i\000d\000a\000l\000\040\000T\000i\000s\000s\000u\000e\000\040\000a\000n\000d\000\040\000I\000n\000c\000l\000u\000s\000i\000o\000n\000\040\000D\000e\000s\000i\000g\000n}{section.3.2}% 31
\BOOKMARK [2][-]{subsection.3.2.2}{\376\377\000S\000O\000\050\0003\000\051\000\040\000R\000o\000t\000a\000t\000i\000o\000n\000s\000\040\000a\000n\000d\000\040\000S\000p\000a\000t\000i\000a\000l\000\040\000B\000i\000a\000s\000\040\000M\000i\000t\000i\000g\000a\000t\000i\000o\000n}{section.3.2}% 32
\BOOKMARK [1][-]{section.3.3}{\376\377\000O\000p\000t\000i\000c\000a\000l\000\040\000P\000r\000o\000p\000e\000r\000t\000y\000\040\000A\000s\000s\000i\000g\000n\000m\000e\000n\000t}{chapter.3}% 33
\BOOKMARK [1][-]{section.3.4}{\376\377\000S\000u\000r\000f\000a\000c\000e\000\040\000E\000x\000t\000r\000a\000c\000t\000i\000o\000n\000\040\000a\000n\000d\000\040\000P\000r\000o\000b\000e\000\040\000P\000l\000a\000c\000e\000m\000e\000n\000t}{chapter.3}% 34
\BOOKMARK [2][-]{subsection.3.4.1}{\376\377\000B\000i\000n\000a\000r\000y\000\040\000M\000o\000r\000p\000h\000o\000l\000o\000g\000i\000c\000a\000l\000\040\000S\000u\000r\000f\000a\000c\000e\000\040\000E\000x\000t\000r\000a\000c\000t\000i\000o\000n}{section.3.4}% 35
\BOOKMARK [2][-]{subsection.3.4.2}{\376\377\000S\000u\000r\000f\000a\000c\000e\000-\000C\000o\000n\000s\000t\000r\000a\000i\000n\000e\000d\000\040\000S\000o\000u\000r\000c\000e\040\023\000D\000e\000t\000e\000c\000t\000o\000r\000\040\000P\000l\000a\000c\000e\000m\000e\000n\000t}{section.3.4}% 36
\BOOKMARK [1][-]{section.3.5}{\376\377\000P\000r\000o\000b\000e\000\040\000G\000e\000o\000m\000e\000t\000r\000y\000\040\000R\000a\000n\000d\000o\000m\000i\000s\000a\000t\000i\000o\000n\000\040\000a\000n\000d\000\040\000T\000o\000k\000e\000n\000i\000s\000a\000t\000i\000o\000n\000\040\000\050\000C\000o\000n\000t\000r\000i\000b\000u\000t\000i\000o\000n\000\051}{chapter.3}% 37
\BOOKMARK [1][-]{section.3.6}{\376\377\000N\000o\000i\000s\000e\000\040\000M\000o\000d\000e\000l}{chapter.3}% 38
\BOOKMARK [1][-]{section.3.7}{\376\377\000D\000a\000t\000a\000s\000e\000t\000\040\000C\000o\000m\000p\000o\000s\000i\000t\000i\000o\000n\000\040\000a\000n\000d\000\040\000P\000r\000e\000p\000r\000o\000c\000e\000s\000s\000i\000n\000g}{chapter.3}% 39
\BOOKMARK [2][-]{subsection.3.7.1}{\376\377\000S\000t\000a\000n\000d\000a\000r\000d\000i\000s\000a\000t\000i\000o\000n\000\040\000a\000n\000d\000\040\000L\000e\000a\000k\000a\000g\000e\000\040\000P\000r\000e\000v\000e\000n\000t\000i\000o\000n}{section.3.7}% 40
\BOOKMARK [2][-]{subsection.3.7.2}{\376\377\000H\000D\000F\0005\000\040\000D\000e\000s\000i\000g\000n\000\040\000a\000n\000d\000\040\000D\000a\000t\000a\000L\000o\000a\000d\000e\000r\000\040\000T\000h\000r\000o\000u\000g\000h\000p\000u\000t}{section.3.7}% 41
\BOOKMARK [0][-]{chapter.4}{\376\377\000P\000r\000o\000p\000o\000s\000e\000d\000\040\000H\000y\000b\000r\000i\000d\000\040\000C\000N\000N\040\023\000T\000r\000a\000n\000s\000f\000o\000r\000m\000e\000r\000\040\000M\000o\000d\000e\000l}{}% 42
\BOOKMARK [1][-]{section.4.1}{\376\377\000A\000r\000c\000h\000i\000t\000e\000c\000t\000u\000r\000a\000l\000\040\000O\000v\000e\000r\000v\000i\000e\000w}{chapter.4}% 43
\BOOKMARK [1][-]{section.4.2}{\376\377\000S\000t\000a\000g\000e\000\040\0001\000:\000\040\000C\000N\000N\000\040\000A\000u\000t\000o\000e\000n\000c\000o\000d\000e\000r\000\040\000\050\000T\000e\000a\000c\000h\000e\000r\000\040\000P\000r\000i\000o\000r\000\051}{chapter.4}% 44
\BOOKMARK [2][-]{subsection.4.2.1}{\376\377\000E\000n\000c\000o\000d\000e\000r\000:\000\040\000R\000e\000s\000i\000d\000u\000a\000l\000\040\000B\000l\000o\000c\000k\000s\000\040\000a\000n\000d\000\040\000D\000o\000w\000n\000s\000a\000m\000p\000l\000i\000n\000g}{section.4.2}% 45
\BOOKMARK [2][-]{subsection.4.2.2}{\376\377\000L\000a\000t\000e\000n\000t\000\040\000S\000p\000a\000c\000e\000\040\000D\000e\000s\000i\000g\000n\000\040\000\050\000d\000z\000=\0002\0005\0006\000\051}{section.4.2}% 46
\BOOKMARK [2][-]{subsection.4.2.3}{\376\377\000D\000e\000c\000o\000d\000e\000r\000:\000\040\000P\000r\000o\000g\000r\000e\000s\000s\000i\000v\000e\000\040\000U\000p\000s\000a\000m\000p\000l\000i\000n\000g\000\040\000a\000n\000d\000\040\000R\000e\000c\000o\000n\000s\000t\000r\000u\000c\000t\000i\000o\000n}{section.4.2}% 47
\BOOKMARK [1][-]{section.4.3}{\376\377\000S\000t\000a\000g\000e\000\040\0002\000:\000\040\000S\000p\000a\000t\000i\000a\000l\000l\000y\000-\000A\000w\000a\000r\000e\000\040\000M\000e\000a\000s\000u\000r\000e\000m\000e\000n\000t\000\040\000E\000m\000b\000e\000d\000d\000i\000n\000g\000\040\000\050\000C\000o\000n\000t\000r\000i\000b\000u\000t\000i\000o\000n\000\051}{chapter.4}% 48
\BOOKMARK [2][-]{subsection.4.3.1}{\376\377\000S\000i\000g\000n\000a\000l\000\040\000B\000r\000a\000n\000c\000h\000\040\000f\000o\000r\000\040\000\173\000A\000,\000\175}{section.4.3}% 49
\BOOKMARK [2][-]{subsection.4.3.2}{\376\377\000P\000o\000s\000i\000t\000i\000o\000n\000\040\000B\000r\000a\000n\000c\000h\000\040\000f\000o\000r\000\040\000\173\000x\000s\000r\000c\000,\000x\000d\000e\000t\000\175}{section.4.3}% 50
\BOOKMARK [2][-]{subsection.4.3.3}{\376\377\000F\000u\000s\000i\000o\000n\000\040\000a\000n\000d\000\040\000T\000o\000k\000e\000n\000\040\000F\000o\000r\000m\000a\000t\000i\000o\000n}{section.4.3}% 51
\BOOKMARK [1][-]{section.4.4}{\376\377\000T\000r\000a\000n\000s\000f\000o\000r\000m\000e\000r\000\040\000E\000n\000c\000o\000d\000e\000r}{chapter.4}% 52
\BOOKMARK [2][-]{subsection.4.4.1}{\376\377\000A\000t\000t\000e\000n\000t\000i\000o\000n\000,\000\040\000D\000e\000p\000t\000h\000,\000\040\000a\000n\000d\000\040\000P\000o\000s\000i\000t\000i\000o\000n\000a\000l\000\040\000H\000a\000n\000d\000l\000i\000n\000g}{section.4.4}% 53
\BOOKMARK [2][-]{subsection.4.4.2}{\376\377\000R\000e\000g\000u\000l\000a\000r\000i\000s\000a\000t\000i\000o\000n\000\040\000a\000n\000d\000\040\000C\000a\000p\000a\000c\000i\000t\000y\000\040\000C\000o\000n\000t\000r\000o\000l}{section.4.4}% 54
\BOOKMARK [1][-]{section.4.5}{\376\377\000A\000g\000g\000r\000e\000g\000a\000t\000i\000o\000n\000\040\000v\000i\000a\000\040\000M\000u\000l\000t\000i\000-\000Q\000u\000e\000r\000y\000\040\000A\000t\000t\000e\000n\000t\000i\000o\000n\000\040\000P\000o\000o\000l\000i\000n\000g\000\040\000\050\000C\000o\000n\000t\000r\000i\000b\000u\000t\000i\000o\000n\000\051}{chapter.4}% 55
\BOOKMARK [1][-]{section.4.6}{\376\377\000L\000a\000t\000e\000n\000t\000\040\000A\000l\000i\000g\000n\000m\000e\000n\000t\000\040\000a\000n\000d\000\040\000D\000e\000c\000o\000d\000e\000r\000\040\000R\000e\000u\000s\000e}{chapter.4}% 56
\BOOKMARK [1][-]{section.4.7}{\376\377\000I\000n\000f\000e\000r\000e\000n\000c\000e\000\040\000P\000a\000t\000h\000w\000a\000y\000\040\000a\000n\000d\000\040\000C\000o\000m\000p\000u\000t\000a\000t\000i\000o\000n\000a\000l\000\040\000C\000o\000s\000t}{chapter.4}% 57
\BOOKMARK [0][-]{chapter.5}{\376\377\000T\000r\000a\000i\000n\000i\000n\000g\000\040\000S\000t\000r\000a\000t\000e\000g\000i\000e\000s\000\040\000a\000n\000d\000\040\000O\000p\000t\000i\000m\000i\000s\000a\000t\000i\000o\000n}{}% 58
\BOOKMARK [1][-]{section.5.1}{\376\377\000S\000t\000a\000g\000e\000\040\0001\000:\000\040\000C\000N\000N\000\040\000P\000r\000e\000-\000T\000r\000a\000i\000n\000i\000n\000g}{chapter.5}% 59
\BOOKMARK [2][-]{subsection.5.1.1}{\376\377\000L\000o\000s\000s\000\040\000F\000u\000n\000c\000t\000i\000o\000n\000\040\000a\000n\000d\000\040\000S\000c\000h\000e\000d\000u\000l\000e\000s}{section.5.1}% 60
\BOOKMARK [2][-]{subsection.5.1.2}{\376\377\000S\000t\000a\000b\000i\000l\000i\000t\000y\000\040\000T\000r\000i\000c\000k\000s\000\040\000\050\000M\000i\000x\000e\000d\000\040\000P\000r\000e\000c\000i\000s\000i\000o\000n\000,\000\040\000G\000r\000a\000d\000i\000e\000n\000t\000\040\000C\000l\000i\000p\000p\000i\000n\000g\000\051}{section.5.1}% 61
\BOOKMARK [1][-]{section.5.2}{\376\377\000S\000t\000a\000g\000e\000\040\0002\000:\000\040\000T\000r\000a\000n\000s\000f\000o\000r\000m\000e\000r\000\040\000T\000r\000a\000i\000n\000i\000n\000g\000\040\000w\000i\000t\000h\000\040\000L\000a\000t\000e\000n\000t\000\040\000A\000l\000i\000g\000n\000m\000e\000n\000t}{chapter.5}% 62
\BOOKMARK [2][-]{subsection.5.2.1}{\376\377\000L\000a\000t\000e\000n\000t\000\040\000R\000M\000S\000E\000-\000O\000n\000l\000y\000\040\000O\000b\000j\000e\000c\000t\000i\000v\000e\000\040\000\050\000C\000o\000n\000t\000r\000i\000b\000u\000t\000i\000o\000n\000\051}{section.5.2}% 63
\BOOKMARK [2][-]{subsection.5.2.2}{\376\377\000D\000e\000c\000o\000d\000e\000r\000\040\000U\000n\000f\000r\000e\000e\000z\000i\000n\000g\000\040\000P\000r\000o\000t\000o\000c\000o\000l\000\040\000\050\000C\000o\000n\000t\000r\000i\000b\000u\000t\000i\000o\000n\000\051}{section.5.2}% 64
\BOOKMARK [2][-]{subsection.5.2.3}{\376\377\000M\000e\000a\000s\000u\000r\000e\000m\000e\000n\000t\000\040\000S\000u\000b\000s\000a\000m\000p\000l\000i\000n\000g\000\040\000a\000n\000d\000\040\000A\000u\000g\000m\000e\000n\000t\000a\000t\000i\000o\000n}{section.5.2}% 65
\BOOKMARK [2][-]{subsection.5.2.4}{\376\377\000O\000p\000t\000i\000m\000i\000s\000e\000r\000s\000,\000\040\000L\000R\000\040\000S\000c\000h\000e\000d\000u\000l\000e\000s\000,\000\040\000a\000n\000d\000\040\000W\000e\000i\000g\000h\000t\000\040\000D\000e\000c\000a\000y}{section.5.2}% 66
\BOOKMARK [1][-]{section.5.3}{\376\377\000I\000m\000p\000l\000e\000m\000e\000n\000t\000a\000t\000i\000o\000n\000\040\000D\000e\000t\000a\000i\000l\000s\000\040\000a\000n\000d\000\040\000R\000e\000p\000r\000o\000d\000u\000c\000i\000b\000i\000l\000i\000t\000y}{chapter.5}% 67
\BOOKMARK [0][-]{chapter.6}{\376\377\000E\000x\000p\000e\000r\000i\000m\000e\000n\000t\000a\000l\000\040\000R\000e\000s\000u\000l\000t\000s\000\040\000a\000n\000d\000\040\000A\000n\000a\000l\000y\000s\000i\000s}{}% 68
\BOOKMARK [1][-]{section.6.1}{\376\377\000E\000x\000p\000e\000r\000i\000m\000e\000n\000t\000a\000l\000\040\000S\000e\000t\000u\000p}{chapter.6}% 69
\BOOKMARK [2][-]{subsection.6.1.1}{\376\377\000D\000a\000t\000a\000s\000e\000t\000s\000\040\000a\000n\000d\000\040\000S\000p\000l\000i\000t\000s}{section.6.1}% 70
\BOOKMARK [2][-]{subsection.6.1.2}{\376\377\000M\000e\000t\000r\000i\000c\000s\000\040\000\050\000L\000a\000t\000e\000n\000t\000\040\000R\000M\000S\000E\000;\000\040\000V\000o\000x\000e\000l\000\040\000R\000M\000S\000E\000/\000S\000S\000I\000M\000\040\000f\000o\000r\000\040\000a\000,\000'\000s\000\051}{section.6.1}% 71
\BOOKMARK [2][-]{subsection.6.1.3}{\376\377\000H\000a\000r\000d\000w\000a\000r\000e\000\040\000a\000n\000d\000\040\000R\000u\000n\000t\000i\000m\000e\000\040\000R\000e\000p\000o\000r\000t\000i\000n\000g}{section.6.1}% 72
\BOOKMARK [1][-]{section.6.2}{\376\377\000S\000t\000a\000g\000e\000\040\0001\000\040\000R\000e\000s\000u\000l\000t\000s\000:\000\040\000A\000u\000t\000o\000e\000n\000c\000o\000d\000e\000r\000\040\000R\000e\000c\000o\000n\000s\000t\000r\000u\000c\000t\000i\000o\000n\000\040\000Q\000u\000a\000l\000i\000t\000y}{chapter.6}% 73
\BOOKMARK [1][-]{section.6.3}{\376\377\000S\000t\000a\000g\000e\000\040\0002\000\040\000R\000e\000s\000u\000l\000t\000s\000:\000\040\000T\000r\000a\000n\000s\000f\000o\000r\000m\000e\000r\000\040\000E\000n\000h\000a\000n\000c\000e\000m\000e\000n\000t}{chapter.6}% 74
\BOOKMARK [1][-]{section.6.4}{\376\377\000A\000b\000l\000a\000t\000i\000o\000n\000s\000\040\000\050\000C\000o\000n\000t\000r\000i\000b\000u\000t\000i\000o\000n\000-\000F\000o\000c\000u\000s\000e\000d\000\051}{chapter.6}% 75
\BOOKMARK [2][-]{subsection.6.4.1}{\376\377\000M\000e\000a\000n\000\040\000P\000o\000o\000l\000i\000n\000g\000\040\000v\000s\000\040\000M\000u\000l\000t\000i\000-\000Q\000u\000e\000r\000y\000\040\000A\000t\000t\000e\000n\000t\000i\000o\000n}{section.6.4}% 76
\BOOKMARK [2][-]{subsection.6.4.2}{\376\377\000F\000i\000x\000e\000d\000\040\000G\000e\000o\000m\000e\000t\000r\000y\000\040\000v\000s\000\040\000R\000a\000n\000d\000o\000m\000i\000s\000e\000d\000\040\000G\000e\000o\000m\000e\000t\000r\000y\000\040\000+\000\040\000L\000=\0002\0005\0006}{section.6.4}% 77
\BOOKMARK [2][-]{subsection.6.4.3}{\376\377\000W\000i\000t\000h\000\040\000v\000s\000\040\000W\000i\000t\000h\000o\000u\000t\000\040\000D\000e\000c\000o\000d\000e\000r\000\040\000U\000n\000f\000r\000e\000e\000z\000i\000n\000g}{section.6.4}% 78
\BOOKMARK [2][-]{subsection.6.4.4}{\376\377\000E\000m\000b\000e\000d\000d\000i\000n\000g\000\040\000V\000a\000r\000i\000a\000n\000t\000s\000:\000\040\000W\000i\000t\000h\000/\000W\000i\000t\000h\000o\000u\000t\000\040\000P\000o\000s\000i\000t\000i\000o\000n\000\040\000B\000r\000a\000n\000c\000h}{section.6.4}% 79
\BOOKMARK [2][-]{subsection.6.4.5}{\376\377\000S\000e\000q\000u\000e\000n\000c\000e\000\040\000L\000e\000n\000g\000t\000h\000\040\000S\000e\000n\000s\000i\000t\000i\000v\000i\000t\000y\000:\000\040\000L\000\173\0001\0002\0008\000,\0002\0005\0006\000,\0005\0001\0002\000\175}{section.6.4}% 80
\BOOKMARK [1][-]{section.6.5}{\376\377\000G\000e\000n\000e\000r\000a\000l\000i\000s\000a\000t\000i\000o\000n\000\040\000t\000o\000\040\000H\000e\000l\000d\000-\000O\000u\000t\000\040\000P\000r\000o\000b\000e\000\040\000L\000a\000y\000o\000u\000t\000s\000\040\000\050\000C\000o\000n\000t\000r\000i\000b\000u\000t\000i\000o\000n\000\051}{chapter.6}% 81
\BOOKMARK [1][-]{section.6.6}{\376\377\000C\000o\000m\000p\000a\000r\000a\000t\000i\000v\000e\000\040\000A\000n\000a\000l\000y\000s\000i\000s\000\040\000w\000i\000t\000h\000\040\000P\000r\000i\000o\000r\000\040\000W\000o\000r\000k\000\040\000\050\000D\000a\000l\000e\000\040\000B\000a\000s\000e\000l\000i\000n\000e\000\051}{chapter.6}% 82
\BOOKMARK [1][-]{section.6.7}{\376\377\000Q\000u\000a\000l\000i\000t\000a\000t\000i\000v\000e\000\040\000V\000i\000s\000u\000a\000l\000i\000s\000a\000t\000i\000o\000n\000\040\000a\000n\000d\000\040\000E\000r\000r\000o\000r\000\040\000A\000n\000a\000l\000y\000s\000i\000s}{chapter.6}% 83
\BOOKMARK [0][-]{chapter.7}{\376\377\000D\000i\000s\000c\000u\000s\000s\000i\000o\000n}{}% 84
\BOOKMARK [1][-]{section.7.1}{\376\377\000K\000e\000y\000\040\000F\000i\000n\000d\000i\000n\000g\000s}{chapter.7}% 85
\BOOKMARK [1][-]{section.7.2}{\376\377\000R\000o\000b\000u\000s\000t\000n\000e\000s\000s\000\040\000t\000o\000\040\000G\000e\000o\000m\000e\000t\000r\000y\000\040\000a\000n\000d\000\040\000N\000o\000i\000s\000e\000\040\000S\000h\000i\000f\000t}{chapter.7}% 86
\BOOKMARK [1][-]{section.7.3}{\376\377\000C\000l\000i\000n\000i\000c\000a\000l\000\040\000I\000m\000p\000l\000i\000c\000a\000t\000i\000o\000n\000s\000\040\000o\000f\000\040\000a\000\040\000G\000e\000o\000m\000e\000t\000r\000y\000-\000R\000o\000b\000u\000s\000t\000\040\000D\000O\000T\000\040\000M\000o\000d\000e\000l}{chapter.7}% 87
\BOOKMARK [1][-]{section.7.4}{\376\377\000L\000i\000m\000i\000t\000a\000t\000i\000o\000n\000s\000\040\000a\000n\000d\000\040\000T\000h\000r\000e\000a\000t\000s\000\040\000t\000o\000\040\000V\000a\000l\000i\000d\000i\000t\000y}{chapter.7}% 88
\BOOKMARK [1][-]{section.7.5}{\376\377\000C\000o\000m\000p\000u\000t\000a\000t\000i\000o\000n\000a\000l\000\040\000E\000f\000f\000i\000c\000i\000e\000n\000c\000y\000\040\000a\000n\000d\000\040\000P\000r\000a\000c\000t\000i\000c\000a\000l\000\040\000D\000e\000p\000l\000o\000y\000m\000e\000n\000t}{chapter.7}% 89
\BOOKMARK [1][-]{section.7.6}{\376\377\000P\000o\000s\000i\000t\000i\000o\000n\000i\000n\000g\000\040\000A\000g\000a\000i\000n\000s\000t\000\040\000P\000r\000i\000o\000r\000\040\000W\000o\000r\000k\000\040\000\050\000D\000a\000l\000e\000\051\000\040\000a\000n\000d\000\040\000F\000i\000e\000l\000d\000\040\000I\000m\000p\000a\000c\000t}{chapter.7}% 90
\BOOKMARK [0][-]{chapter.8}{\376\377\000C\000o\000n\000c\000l\000u\000s\000i\000o\000n\000\040\000a\000n\000d\000\040\000F\000u\000t\000u\000r\000e\000\040\000W\000o\000r\000k}{}% 91
\BOOKMARK [1][-]{section.8.1}{\376\377\000S\000u\000m\000m\000a\000r\000y\000\040\000o\000f\000\040\000C\000o\000n\000t\000r\000i\000b\000u\000t\000i\000o\000n\000s}{chapter.8}% 92
\BOOKMARK [1][-]{section.8.2}{\376\377\000F\000u\000t\000u\000r\000e\000\040\000D\000i\000r\000e\000c\000t\000i\000o\000n\000s}{chapter.8}% 93
\BOOKMARK [1][-]{section.8.3}{\376\377\000F\000i\000n\000a\000l\000\040\000R\000e\000m\000a\000r\000k\000s}{chapter.8}% 94
\BOOKMARK [0][-]{chapter.1}{\376\377\000I\000m\000p\000l\000e\000m\000e\000n\000t\000a\000t\000i\000o\000n\000\040\000a\000n\000d\000\040\000H\000y\000p\000e\000r\000p\000a\000r\000a\000m\000e\000t\000e\000r\000s}{}% 95
\BOOKMARK [0][-]{chapter.2}{\376\377\000E\000x\000t\000e\000n\000d\000e\000d\000\040\000D\000a\000t\000a\000s\000e\000t\000\040\000E\000x\000a\000m\000p\000l\000e\000s\000\040\000a\000n\000d\000\040\000P\000r\000o\000b\000e\000\040\000L\000a\000y\000o\000u\000t\000s}{}% 96
\BOOKMARK [0][-]{chapter.3}{\376\377\000A\000d\000d\000i\000t\000i\000o\000n\000a\000l\000\040\000Q\000u\000a\000n\000t\000i\000t\000a\000t\000i\000v\000e\000\040\000R\000e\000s\000u\000l\000t\000s}{}% 97
\BOOKMARK [0][-]{chapter.4}{\376\377\000M\000a\000t\000h\000e\000m\000a\000t\000i\000c\000a\000l\000\040\000D\000e\000r\000i\000v\000a\000t\000i\000o\000n\000s}{}% 98
\BOOKMARK [0][-]{chapter.5}{\376\377\000R\000e\000p\000r\000o\000d\000u\000c\000i\000b\000i\000l\000i\000t\000y\000\040\000C\000h\000e\000c\000k\000l\000i\000s\000t\000\040\000a\000n\000d\000\040\000E\000t\000h\000i\000c\000s\000\040\000S\000t\000a\000t\000e\000m\000e\000n\000t}{}% 99
